<?xml version='1.0' encoding='UTF-8'?>
<project>
  <actions />
  <description></description>
  <keepDependencies>false</keepDependencies>
  <properties>
    <hudson.model.ParametersDefinitionProperty>
      <parameterDefinitions>
        <eu.markov.jenkins.plugin.mvnmeta.MavenMetadataParameterDefinition>
          <name>ARTIFACT</name>
          <description></description>
          <repoBaseUrl>http://repo.jenkins-ci.org/public</repoBaseUrl>
          <groupId>${project.groupId}</groupId>
          <artifactId>${project.artifactId}</artifactId>
          <packaging>${project.packaging}</packaging>
          <defaultValue></defaultValue>
          <versionFilter></versionFilter>
          <sortOrder>DESC</sortOrder>
          <maxVersions></maxVersions>
          <username>mybigusername</username>
          <password>mylittlesecret</password>
        </eu.markov.jenkins.plugin.mvnmeta.MavenMetadataParameterDefinition>
      </parameterDefinitions>
    </hudson.model.ParametersDefinitionProperty>
  </properties>
  <scm class="hudson.scm.NullSCM" />
  <canRoam>true</canRoam>
  <disabled>false</disabled>
  <blockBuildWhenDownstreamBuilding>false</blockBuildWhenDownstreamBuilding>
  <blockBuildWhenUpstreamBuilding>false</blockBuildWhenUpstreamBuilding>
  <triggers class="vector" />
  <concurrentBuild>false</concurrentBuild>
  <builders/>
  <publishers />
  <buildWrappers />
</project>